
                  X           cohesive surface

                0.                -0.         
               60.E-06             3.93725    
              120.E-06             7.87628    
              210.E-06            13.7885     
              345.E-06            22.6652     
              547.5E-06           36.0007     
              851.25E-06          55.6821     
              965.156E-06         62.8094     
              975.835E-06         63.4703     
              991.853E-06         64.2293     
                1.01588E-03       64.2074     
                1.05192E-03       64.0552     
                1.10598E-03       64.9525     
                1.18707E-03       61.0798     
                1.21748E-03       61.0573     
                1.2631E-03        61.3558     
                1.2802E-03        60.4238     
                1.30586E-03       60.2569     
                1.34435E-03       59.2444     
                1.40208E-03       57.7354     
                1.48867E-03       54.4963     
                1.61856E-03       51.0856     
                1.71598E-03       50.4418     
                1.8134E-03        48.9719     
                1.84994E-03       49.0463     
                1.90473E-03       49.1929     
                1.92528E-03       48.5915     
                1.95611E-03       48.4859     
                2.00234E-03       47.7995     
                2.0717E-03        46.7663     
                2.09771E-03       46.4732     
                2.13672E-03       46.4255     
                2.19524E-03       45.3077     
                2.28301E-03       43.995      
                2.41468E-03       41.5446     
                2.42291E-03       41.3359     
                2.43114E-03       41.1791     
                2.44348E-03       41.0579     
                2.462E-03         40.8591     
                2.48977E-03       40.9175     
                2.53143E-03       40.8488     
                2.59392E-03       41.0921     
                2.59978E-03       40.7061     
                2.60856E-03       40.3506     
                2.62174E-03       40.305      
                2.64152E-03       40.0301     
                2.67118E-03       39.7319     
                2.71566E-03       39.7085     
                2.78239E-03       39.8732     
                2.88249E-03       38.8333     
                2.92002E-03       38.8195     
                2.97633E-03       38.8414     
                3.06078E-03       38.0981     
                3.18747E-03       36.3216     
                3.21914E-03       36.1524     
                3.25081E-03       36.0392     
                3.29832E-03       36.0903     
                3.36958E-03       36.1781     
                3.37626E-03       35.9265     
                3.38628E-03       35.6467     
                3.40131E-03       35.402      
                3.42386E-03       35.3039     
                3.45768E-03       35.1357     
                3.50841E-03       35.1931     
                3.5845E-03        34.8888     
                3.59164E-03       34.6623     
                3.60234E-03       34.4092     
                3.61839E-03       34.1837     
                3.64247E-03       34.1007     
                3.67858E-03       33.9449     
                3.73276E-03       34.0193     
                3.81402E-03       33.742      
                3.81592E-03       33.5598     
                3.81878E-03       33.5258     
                3.82307E-03       33.3063     
                3.82949E-03       33.2393     
                3.83914E-03       33.0088     
                3.8536E-03        32.9967     
                3.85902E-03       32.7899     
                3.86716E-03       32.7946     
                3.87936E-03       32.5894     
                3.89766E-03       32.6094     
                3.90453E-03       32.4193     
                3.91482E-03       32.4439     
                3.93027E-03       32.2657     
                3.95344E-03       32.3019     
                3.98819E-03       32.1586     
                4.04031E-03       32.071      
                4.1185E-03        32.2361     
                4.12583E-03       31.9971     
                4.13682E-03       31.8545     
                4.15331E-03       31.7508     
                4.17805E-03       31.5742     
                4.21516E-03       31.3711     
                4.27082E-03       31.3585     
                4.35432E-03       31.4699     
                4.35627E-03       31.2858     
                4.35921E-03       31.2647     
                4.36361E-03       31.1725     
                4.37022E-03       31.0156     
                4.38012E-03       30.8056     
                4.39498E-03       30.788      
                4.40056E-03       30.5947     
                4.40891E-03       30.6009     
                4.42145E-03       30.4143     
                4.44026E-03       30.4413     
                4.44731E-03       30.2594     
                4.45789E-03       30.2852     
                4.47376E-03       30.1193     
                4.49756E-03       30.1674     
                4.50649E-03       30.0099     
                4.51988E-03       30.0504     
                4.5249E-03        29.9814     
                4.53243E-03       29.8603     
                4.54373E-03       29.9027     
                4.54796E-03       29.8853     
                4.54955E-03       29.8522     
                4.55194E-03       29.7325     
                4.55551E-03       29.6928     
                4.56087E-03       29.7184     
                4.56891E-03       29.7468     
                4.58098E-03       29.587      
                4.59907E-03       29.6343     
                4.62622E-03       29.5356     
                4.66693E-03       29.5616     
                4.72801E-03       29.5699     
                4.81962E-03       29.7197     
                4.8282E-03        29.5345     
                4.83035E-03       29.4898     
                4.8325E-03        29.3625     
                4.83572E-03       29.2939     
                4.84055E-03       29.2792     
                4.84236E-03       29.2369     
                4.84304E-03       29.2013     
                4.84406E-03       29.1149     
                4.84559E-03       29.0623     
                4.84788E-03       29.0636     
                4.85132E-03       29.0669     
                4.85648E-03       29.0262     
                4.86422E-03       28.8804     
                4.87583E-03       28.9123     
                4.89324E-03       28.7643     
                4.91935E-03       28.8127     
                4.9218E-03        28.7102     
                4.92547E-03       28.6484     
                4.93098E-03       28.6673     
                4.93925E-03       28.6756     
                4.95164E-03       28.519      
                4.97023E-03       28.575      
                4.97721E-03       28.4719     
                4.98767E-03       28.4238     
                5.00335E-03       28.4626     
                5.00924E-03       28.3384     
                5.01806E-03       28.3105     
                5.0313E-03        28.355      
                5.05115E-03       28.2256     
                5.08093E-03       28.291      
                5.08373E-03       28.1798     
                5.08791E-03       28.1375     
                5.0942E-03        28.1615     
                5.10362E-03       28.1761     
                5.11775E-03       28.0308     
                5.13896E-03       28.0928     
                5.14691E-03       27.9269     
                5.15883E-03       27.9549     
                5.17672E-03       27.9219     
                5.20356E-03       27.8948     
                5.24381E-03       27.8545     
                5.30419E-03       27.8152     
                5.39475E-03       27.8521     
                5.5306E-03        27.5005     
                5.58154E-03       27.465      
                5.65796E-03       27.5196     
                5.66512E-03       27.3369     
                5.67587E-03       27.2833     
                5.69199E-03       27.1448     
                5.71617E-03       26.9948     
                5.75243E-03       26.8341     
                5.80683E-03       26.7359     
                5.88843E-03       26.829      
                6.E-03            26.6444     




