
                  X          cohesive elements

                0.                -0.         
               60.E-06             3.93136    
              120.E-06             7.86446    
              210.E-06            13.7678     
              345.E-06            22.6311     
              547.5E-06           35.6249     
              851.25E-06          54.9927     
              965.156E-06         61.5211     
                1.00787E-03       63.241      
                1.00887E-03       62.8343     
                1.01037E-03       62.7701     
                1.01263E-03       62.8763     
                1.01601E-03       63.0729     
                1.02107E-03       63.3696     
                1.02868E-03       63.7148     
                1.03153E-03       63.6537     
                1.0326E-03        63.4549     
                1.0342E-03        62.9087     
                1.0366E-03        62.9325     
                1.04021E-03       63.1053     
                1.04563E-03       63.2884     
                1.04765E-03       63.1887     
                1.04842E-03       63.0359     
                1.04956E-03       62.4826     
                1.05127E-03       62.4371     
                1.05384E-03       62.5479     
                1.05769E-03       62.7237     
                1.06347E-03       62.7622     
                1.06564E-03       62.1097     
                1.06889E-03       62.0885     
                1.07377E-03       62.2942     
                1.08108E-03       62.2713     
                1.09205E-03       62.0342     
                1.10851E-03       61.8046     
                1.11468E-03       61.8432     
                1.117E-03         61.7031     
                1.12047E-03       61.0775     
                1.12568E-03       61.1717     
                1.13349E-03       60.7064     
                1.1452E-03        60.7813     
                1.16278E-03       60.5749     
                1.18914E-03       60.4804     
                1.18976E-03       60.2966     
                1.19069E-03       59.8315     
                1.19208E-03       59.6316     
                1.19416E-03       59.6513     
                1.19729E-03       59.673      
                1.19846E-03       59.5762     
                1.20022E-03       59.0104     
                1.20286E-03       58.9135     
                1.20682E-03       59.0262     
                1.21276E-03       58.9425     
                1.22167E-03       58.6248     
                1.23503E-03       58.8051     
                1.25507E-03       58.4076     
                1.26259E-03       58.0784     
                1.2654E-03        57.9836     
                1.26963E-03       57.3953     
                1.27597E-03       57.4862     
                1.27835E-03       57.4408     
                1.27924E-03       57.3387     
                1.28058E-03       56.906      
                1.28259E-03       56.7504     
                1.2856E-03        56.8298     
                1.29011E-03       56.9466     
                1.29688E-03       56.3912     
                1.30704E-03       56.5658     
                1.31085E-03       56.4341     
                1.31228E-03       55.9801     
                1.31442E-03       55.8846     
                1.31763E-03       55.9809     
                1.32246E-03       56.1249     
                1.32969E-03       55.8327     
                1.34053E-03       55.8081     
                1.3446E-03        55.7818     
                1.34613E-03       55.5754     
                1.34841E-03       55.1699     
                1.35185E-03       55.2329     
                1.35699E-03       55.3886     
                1.36472E-03       55.2476     
                1.3763E-03        55.1221     
                1.38064E-03       55.117      
                1.38227E-03       54.9378     
                1.38472E-03       54.5052     
                1.38838E-03       54.5634     
                1.39388E-03       54.7097     
                1.40212E-03       54.2257     
                1.41449E-03       54.4086     
                1.41913E-03       53.8406     
                1.42609E-03       53.9323     
                1.43653E-03       53.9844     
                1.45218E-03       53.8222     
                1.47566E-03       53.7854     
                1.51089E-03       54.1253     
                1.56372E-03       54.4002     
                1.56496E-03       53.9324     
                1.56682E-03       53.8299     
                1.56961E-03       53.2945     
                1.57379E-03       53.1228     
                1.57535E-03       52.9409     
                1.5777E-03        52.4797     
                1.58123E-03       52.4291     
                1.58652E-03       51.9204     
                1.59445E-03       51.8704     
                1.59743E-03       51.4721     
                1.60189E-03       51.3051     
                1.60859E-03       51.3187     
                1.6111E-03        50.8263     
                1.61486E-03       50.8039     
                1.62051E-03       50.8927     
                1.62263E-03       50.8431     
                1.62342E-03       50.7652     
                1.62462E-03       50.4679     
                1.6264E-03        50.2979     
                1.62908E-03       50.3403     
                1.63311E-03       50.4335     
                1.63914E-03       50.4598     
                1.6414E-03        50.1388     
                1.64479E-03       49.9634     
                1.64988E-03       50.0721     
                1.65752E-03       50.1639     
                1.66038E-03       49.8409     
                1.66467E-03       49.6796     
                1.67111E-03       49.8163     
                1.68078E-03       49.7041     
                1.69527E-03       49.6365     
                1.71701E-03       49.5087     
                1.74962E-03       49.6475     
                1.76185E-03       49.568      
                1.78019E-03       49.1676     
                1.78707E-03       48.8674     
                1.78965E-03       48.8158     
                1.79061E-03       48.7338     
                1.79206E-03       48.3571     
                1.79424E-03       48.2711     
                1.79751E-03       48.3133     
                1.8024E-03        48.3234     
                1.80424E-03       48.1512     
                1.80699E-03       47.8341     
                1.81112E-03       47.8789     
                1.81732E-03       47.952      
                1.81965E-03       47.8552     
                1.82313E-03       47.4718     
                1.82836E-03       47.5355     
                1.83621E-03       47.6506     
                1.83915E-03       47.537      
                1.84025E-03       47.3055     
                1.8419E-03        47.1363     
                1.84439E-03       47.1647     
                1.84811E-03       47.2456     
                1.85369E-03       47.3435     
                1.86207E-03       46.9501     
                1.87045E-03       47.0318     
                1.87882E-03       47.1186     
                1.88196E-03       46.8078     
                1.88668E-03       46.6849     
                1.89374E-03       46.8092     
                1.90434E-03       46.5045     
                1.92025E-03       46.6089     
                1.92174E-03       46.5389     
                1.9223E-03        46.4779     
                1.92313E-03       46.2991     
                1.92439E-03       46.1118     
                1.92628E-03       46.115      
                1.92911E-03       46.1718     
                1.93335E-03       46.2559     
                1.93972E-03       46.3168     
                1.94211E-03       46.1968     
                1.94301E-03       46.0157     
                1.94435E-03       45.8344     
                1.94636E-03       45.8424     
                1.94939E-03       45.9039     
                1.95392E-03       45.9939     
                1.96072E-03       46.0613     
                1.96327E-03       45.9249     
                1.96423E-03       45.6976     
                1.96566E-03       45.5786     
                1.96781E-03       45.5999     
                1.97104E-03       45.666      
                1.97588E-03       45.7583     
                1.98314E-03       45.795      
                1.98586E-03       45.4356     
                1.98995E-03       45.385      
                1.99608E-03       45.4941     
                2.00527E-03       45.547      
                2.00613E-03       45.483      
                2.00742E-03       45.2113     
                2.00936E-03       45.1101     
                2.01227E-03       45.1521     
                2.01663E-03       45.2365     
                2.02317E-03       45.3264     
                2.02563E-03       45.2952     
                2.02655E-03       45.2381     
                2.02793E-03       44.9925     
                2.03E-03          44.8562     
                2.0331E-03        44.8985     
                2.03776E-03       44.9877     
                2.04475E-03       45.0813     
                2.04737E-03       45.0376     
                2.04835E-03       44.9585     
                2.04982E-03       44.642      
                2.05203E-03       44.6158     
                2.05535E-03       44.6735     
                2.06032E-03       44.7671     
                2.06778E-03       44.8478     
                2.07058E-03       44.7267     
                2.07163E-03       44.501      
                2.07321E-03       44.3858     
                2.07557E-03       44.41       
                2.07911E-03       44.4773     
                2.08442E-03       44.568      
                2.09239E-03       44.5452     
                2.09313E-03       44.4575     
                2.09425E-03       44.1907     
                2.09593E-03       44.1598     
                2.09846E-03       44.198      
                2.10224E-03       44.2688     
                2.10791E-03       44.3567     
                2.11642E-03       44.1168     
                2.12918E-03       44.1346     
                2.13397E-03       44.1589     
                2.13576E-03       44.1085     
                2.13643E-03       44.0546     
                2.13744E-03       43.876      
                2.13896E-03       43.7082     
                2.14123E-03       43.7205     
                2.14464E-03       43.7813     
                2.14975E-03       43.867      
                2.15741E-03       43.8924     
                2.16029E-03       43.5222     
                2.1646E-03        43.5239     
                2.17107E-03       43.6279     
                2.18077E-03       43.6519     
                2.18168E-03       43.5636     
                2.18304E-03       43.2914     
                2.18509E-03       43.2693     
                2.18816E-03       43.3176     
                2.19277E-03       43.3961     
                2.19967E-03       43.4711     
                2.20226E-03       43.413      
                2.20323E-03       43.3181     
                2.20469E-03       43.0517     
                2.20688E-03       43.0362     
                2.21016E-03       43.0892     
                2.21507E-03       43.1723     
                2.22245E-03       43.2481     
                2.22521E-03       43.1633     
                2.22625E-03       43.0138     
                2.22781E-03       42.8214     
                2.23014E-03       42.8282     
                2.23364E-03       42.8869     
                2.23889E-03       42.9713     
                2.24677E-03       43.0093     
                2.24972E-03       42.6461     
                2.25415E-03       42.6425     
                2.2608E-03        42.7433     
                2.27077E-03       42.7709     
                2.2717E-03        42.6872     
                2.27205E-03       42.6289     
                2.27258E-03       42.4853     
                2.27337E-03       42.3921     
                2.27455E-03       42.3846     
                2.27633E-03       42.4097     
                2.27899E-03       42.4557     
                2.28298E-03       42.5206     
                2.28897E-03       42.589      
                2.29121E-03       42.5745     
                2.29458E-03       42.2336     
                2.29963E-03       42.2156     
                2.30721E-03       42.3257     
                2.31858E-03       42.2316     
                2.33563E-03       42.1985     
                2.34203E-03       42.0124     
                2.35162E-03       41.9071     
                2.36601E-03       42.0311     
                2.36736E-03       41.9512     
                2.36938E-03       41.6602     
                2.37241E-03       41.6533     
                2.37697E-03       41.7153     
                2.38379E-03       41.776      
                2.38636E-03       41.7154     
                2.38732E-03       41.6203     
                2.38876E-03       41.3827     
                2.39092E-03       41.3689     
                2.39416E-03       41.4152     
                2.39902E-03       41.4877     
                2.40631E-03       41.553      
                2.40905E-03       41.4805     
                2.41007E-03       41.3575     
                2.41161E-03       41.1581     
                2.41392E-03       41.158      
                2.41738E-03       41.2095     
                2.42257E-03       41.2859     
                2.43036E-03       41.3463     
                2.43328E-03       41.2181     
                2.43766E-03       40.9861     
                2.44423E-03       41.0612     
                2.45408E-03       41.1521     
                2.45778E-03       40.9563     
                2.46332E-03       40.8095     
                2.47164E-03       40.9099     
                2.48411E-03       40.6469     
                2.50282E-03       40.7526     
                2.50457E-03       40.6647     
                2.5072E-03        40.3945     
                2.51115E-03       40.4115     
                2.51707E-03       40.4917     
                2.52595E-03       40.5541     
                2.52928E-03       40.3302     
                2.53428E-03       40.2164     
                2.54177E-03       40.307      
                2.55301E-03       40.3005     
                2.56986E-03       40.2026     
                2.57619E-03       40.2599     
                2.58567E-03       39.9659     
                2.59989E-03       40.0335     
                2.60523E-03       39.7009     
                2.61323E-03       39.7383     
                2.62523E-03       39.8497     
                2.62973E-03       39.5855     
                2.63648E-03       39.5388     
                2.6466E-03        39.6399     
                2.6504E-03        39.5975     
                2.65183E-03       39.4701     
                2.65396E-03       39.2778     
                2.65717E-03       39.2928     
                2.66197E-03       39.3538     
                2.66918E-03       39.4239     
                2.67188E-03       39.4103     
                2.6729E-03        39.3779     
                2.67442E-03       39.2322     
                2.6767E-03        39.0631     
                2.68012E-03       39.0859     
                2.68525E-03       39.1525     
                2.69295E-03       39.2317     
                2.69584E-03       39.2252     
                2.69692E-03       39.198      
                2.69854E-03       39.0681     
                2.70098E-03       38.8795     
                2.70463E-03       38.9026     
                2.71011E-03       38.9728     
                2.71833E-03       39.053      
                2.72142E-03       39.0325     
                2.72604E-03       38.7308     
                2.73298E-03       38.774      
                2.74338E-03       38.8833     
                2.74728E-03       38.8655     
                2.74875E-03       38.7912     
                2.75094E-03       38.5468     
                2.75423E-03       38.5474     
                2.75917E-03       38.6077     
                2.76658E-03       38.6875     
                2.76936E-03       38.698      
                2.77352E-03       38.5807     
                2.77977E-03       38.3931     
                2.78915E-03       38.4865     
                2.79266E-03       38.512      
                2.79794E-03       38.4364     
                2.79843E-03       38.3891     
                2.79917E-03       38.2494     
                2.80028E-03       38.1626     
                2.80195E-03       38.1633     
                2.80445E-03       38.1926     
                2.80821E-03       38.2413     
                2.81384E-03       38.3075     
                2.82229E-03       38.3481     
                2.82545E-03       38.1366     
                2.8302E-03        38.0392     
                2.83733E-03       38.1146     
                2.84802E-03       38.1743     
                2.84902E-03       38.1451     
                2.85053E-03       38.0133     
                2.85278E-03       37.8474     
                2.85616E-03       37.8656     
                2.86124E-03       37.9256     
                2.86885E-03       37.9995     
                2.8717E-03        38.0012     
                2.87598E-03       37.7463     
                2.8824E-03        37.7111     
                2.89204E-03       37.8092     
                2.90648E-03       37.587      
                2.92816E-03       37.6522     
                2.96066E-03       37.2933     
                2.97285E-03       37.355      
                2.97743E-03       37.3599     
                2.97914E-03       37.3192     
                2.97978E-03       37.2804     
                2.98075E-03       37.1549     
                2.98219E-03       37.03       
                2.98436E-03       37.0319     
                2.98762E-03       37.0676     
                2.9925E-03        37.1222     
                2.99982E-03       37.183      
                3.00257E-03       37.1737     
                3.0036E-03        37.1492     
                3.00514E-03       37.0399     
                3.00746E-03       36.8607     
                3.01093E-03       36.8748     
                3.01615E-03       36.9321     
                3.02397E-03       37.0044     
                3.0269E-03        37.0098     
                3.0313E-03        36.8223     
                3.03789E-03       36.7313     
                3.04779E-03       36.8228     
                3.0515E-03        36.8423     
                3.05707E-03       36.6828     
                3.06542E-03       36.5864     
                3.07795E-03       36.6901     
                3.08264E-03       36.6395     
                3.0844E-03        36.4221     
                3.08705E-03       36.3733     
                3.09101E-03       36.4088     
                3.09695E-03       36.472      
                3.10587E-03       36.5359     
                3.10921E-03       36.4847     
                3.11047E-03       36.3744     
                3.11235E-03       36.2214     
                3.11517E-03       36.2277     
                3.1194E-03        36.2725     
                3.12575E-03       36.3373     
                3.13527E-03       36.3777     
                3.13884E-03       36.1047     
                3.1442E-03        36.1025     
                3.15223E-03       36.1788     
                3.16429E-03       36.1743     
                3.16542E-03       36.0575     
                3.16711E-03       35.9266     
                3.16965E-03       35.9314     
                3.17347E-03       35.9705     
                3.17919E-03       36.0277     
                3.18777E-03       36.0767     
                3.19098E-03       35.9916     
                3.19219E-03       35.8043     
                3.194E-03         35.7606     
                3.19671E-03       35.779      
                3.20079E-03       35.8218     
                3.20689E-03       35.8812     
                3.21606E-03       35.9144     
                3.21949E-03       35.6485     
                3.22464E-03       35.6432     
                3.23237E-03       35.7147     
                3.24397E-03       35.7485     
                3.24506E-03       35.6999     
                3.24547E-03       35.6648     
                3.24608E-03       35.575      
                3.24699E-03       35.4692     
                3.24837E-03       35.4574     
                3.25043E-03       35.4736     
                3.25353E-03       35.5057     
                3.25817E-03       35.5526     
                3.26514E-03       35.6095     
                3.26775E-03       35.6162     
                3.27167E-03       35.5377     
                3.27314E-03       35.3337     
                3.27534E-03       35.3089     
                3.27865E-03       35.3356     
                3.28361E-03       35.3857     
                3.29104E-03       35.4502     
                3.3022E-03        35.2396     
                3.31894E-03       35.3083     
                3.32521E-03       35.2862     
                3.32756E-03       35.0551     
                3.33109E-03       35.026      
                3.33639E-03       35.0731     
                3.34433E-03       35.1446     
                3.35625E-03       35.092      
                3.37412E-03       35.0402     
                3.38082E-03       35.0843     
                3.39087E-03       34.8837     
                3.40595E-03       34.9094     
                3.41161E-03       34.8566     
                3.41214E-03       34.8224     
                3.41293E-03       34.7207     
                3.41412E-03       34.6158     
                3.41591E-03       34.6107     
                3.4186E-03        34.6332     
                3.42262E-03       34.6713     
                3.42866E-03       34.722      
                3.43772E-03       34.7205     
                3.43857E-03       34.6806     
                3.43984E-03       34.5079     
                3.44175E-03       34.4572     
                3.44462E-03       34.4741     
                3.44892E-03       34.5145     
                3.45536E-03       34.5703     
                3.46504E-03       34.5923     
                3.46594E-03       34.5648     
                3.4673E-03        34.4505     
                3.46934E-03       34.3234     
                3.4724E-03        34.3328     
                3.47699E-03       34.3746     
                3.48388E-03       34.433      
                3.49421E-03       34.4385     
                3.49518E-03       34.3887     
                3.49554E-03       34.3545     
                3.49609E-03       34.2697     
                3.4969E-03        34.1855     
                3.49813E-03       34.1744     
                3.49997E-03       34.1864     
                3.50272E-03       34.2119     
                3.50686E-03       34.2501     
                3.51306E-03       34.3005     
                3.52237E-03       34.2945     
                3.52324E-03       34.2493     
                3.52455E-03       34.066      
                3.52651E-03       34.0408     
                3.52946E-03       34.0605     
                3.53388E-03       34.1008     
                3.5405E-03        34.1557     
                3.55044E-03       34.1667     
                3.55137E-03       34.1292     
                3.55277E-03       33.9532     
                3.55486E-03       33.9064     
                3.55801E-03       33.9256     
                3.56273E-03       33.9678     
                3.5698E-03        34.0245     
                3.58041E-03       33.9904     
                3.59633E-03       33.8911     
                3.62021E-03       33.8423     
                3.62916E-03       33.7914     
                3.6426E-03        33.8516     
                3.64386E-03       33.8243     
                3.64574E-03       33.6641     
                3.64858E-03       33.5783     
                3.65283E-03       33.6027     
                3.6592E-03        33.6471     
                3.66876E-03       33.5629     
                3.68311E-03       33.4916     
                3.70462E-03       33.5049     
                3.70664E-03       33.3387     
                3.70966E-03       33.3339     
                3.7142E-03        33.3659     
                3.72101E-03       33.4019     
                3.72356E-03       33.3902     
                3.72452E-03       33.3702     
                3.72596E-03       33.2885     
                3.72811E-03       33.1342     
                3.73134E-03       33.1373     
                3.73619E-03       33.176      
                3.74346E-03       33.2297     
                3.75436E-03       33.1819     
                3.77072E-03       33.1024     
                3.79525E-03       33.0288     
                3.80445E-03       33.0082     
                3.81825E-03       33.0646     
                3.81954E-03       33.0345     
                3.82149E-03       32.8411     
                3.8244E-03        32.8027     
                3.82876E-03       32.8293     
                3.83531E-03       32.8703     
                3.84514E-03       32.6907     
                3.85987E-03       32.7215     
                3.88198E-03       32.7208     
                3.91514E-03       32.4894     
                3.92757E-03       32.5216     
                3.93224E-03       32.5118     
                3.93398E-03       32.4592     
                3.93661E-03       32.2762     
                3.94054E-03       32.2771     
                3.94644E-03       32.319      
                3.95529E-03       32.3683     
                3.95861E-03       32.3565     
                3.95986E-03       32.327      
                3.96173E-03       32.1437     
                3.96453E-03       32.1111     
                3.96873E-03       32.1373     
                3.97503E-03       32.1847     
                3.98448E-03       32.2379     
                3.98803E-03       32.224      
                3.98936E-03       32.1874     
                3.98986E-03       32.1591     
                3.9906E-03        32.0798     
                3.99173E-03       31.9848     
                3.99341E-03       31.9769     
                3.99593E-03       31.9927     
                3.99972E-03       32.022      
                4.0054E-03        32.0645     
                4.01391E-03       32.1142     
                4.01711E-03       32.113      
                4.0183E-03        32.0994     
                4.0201E-03        32.031      
                4.02078E-03       31.9582     
                4.02179E-03       31.865      
                4.0233E-03        31.8548     
                4.02558E-03       31.868      
                4.02899E-03       31.8939     
                4.0341E-03        31.9326     
                4.04178E-03       31.9823     
                4.05329E-03       31.8451     
                4.07056E-03       31.8657     
                4.09646E-03       31.7722     
                4.10617E-03       31.7817     
                4.12074E-03       31.7431     
                4.14259E-03       31.6868     
                4.17537E-03       31.6228     
                4.22454E-03       31.6645     
                4.2983E-03        31.8495     
                4.30521E-03       31.8141     
                4.30586E-03       31.7795     
                4.30683E-03       31.658      
                4.30829E-03       31.5686     
                4.31048E-03       31.5547     
                4.31376E-03       31.5301     
                4.31869E-03       31.3227     
                4.32607E-03       31.3061     
                4.32884E-03       31.2457     
                4.32988E-03       31.1365     
                4.33143E-03       31.0518     
                4.33377E-03       31.0483     
                4.33728E-03       31.0589     
                4.34253E-03       31.0243     
                4.3445E-03        30.8428     
                4.34746E-03       30.8184     
                4.35189E-03       30.8395     
                4.35855E-03       30.8667     
                4.36104E-03       30.8588     
                4.36479E-03       30.6678     
                4.3704E-03        30.6462     
                4.37882E-03       30.6949     
                4.39145E-03       30.7083     
                4.39263E-03       30.6607     
                4.39441E-03       30.5123     
                4.39707E-03       30.5016     
                4.40107E-03       30.5248     
                4.40706E-03       30.5638     
                4.41606E-03       30.6108     
                4.41943E-03       30.6123     
                4.42449E-03       30.4084     
                4.42954E-03       30.3981     
                4.4346E-03        30.428      
                4.44219E-03       30.4746     
                4.45357E-03       30.5005     
                4.45464E-03       30.4805     
                4.45624E-03       30.385      
                4.45864E-03       30.2831     
                4.46224E-03       30.2925     
                4.46764E-03       30.327      
                4.47574E-03       30.3751     
                4.48789E-03       30.3621     
                4.48903E-03       30.2847     
                4.49074E-03       30.1814     
                4.4933E-03        30.1801     
                4.49715E-03       30.2031     
                4.50292E-03       30.2395     
                4.51157E-03       30.2837     
                4.51481E-03       30.287      
                4.51968E-03       30.1443     
                4.52698E-03       30.0879     
                4.53793E-03       30.1476     
                4.54204E-03       30.1663     
                4.54819E-03       30.1568     
                4.5505E-03        30.051      
                4.55397E-03       29.9541     
                4.55917E-03       29.9764     
                4.56696E-03       30.0241     
                4.57865E-03       30.0726     
                4.58304E-03       30.0042     
                4.58962E-03       29.8716     
                4.59948E-03       29.9214     
                4.61428E-03       29.973      
                4.61983E-03       29.7795     
                4.62815E-03       29.7959     
                4.64064E-03       29.8576     
                4.64532E-03       29.8535     
                4.64708E-03       29.8192     
                4.64774E-03       29.7871     
                4.64873E-03       29.6729     
                4.65021E-03       29.634      
                4.65243E-03       29.6386     
                4.65576E-03       29.6582     
                4.66076E-03       29.6894     
                4.66826E-03       29.7323     
                4.67951E-03       29.7541     
                4.68057E-03       29.735      
                4.68215E-03       29.645      
                4.68452E-03       29.5467     
                4.68808E-03       29.5546     
                4.69342E-03       29.5863     
                4.70143E-03       29.631      
                4.71345E-03       29.6369     
                4.71457E-03       29.5947     
                4.71626E-03       29.4553     
                4.7188E-03        29.4428     
                4.7226E-03        29.462      
                4.7283E-03        29.4961     
                4.73685E-03       29.5406     
                4.74968E-03       29.3762     
                4.76893E-03       29.4367     
                4.77614E-03       29.4445     
                4.77885E-03       29.3866     
                4.77986E-03       29.2924     
                4.78139E-03       29.2307     
                4.78367E-03       29.2324     
                4.7871E-03        29.2513     
                4.79223E-03       29.2821     
                4.79994E-03       29.3242     
                4.8115E-03        29.3412     
                4.81583E-03       29.1603     
                4.82234E-03       29.1667     
                4.83209E-03       29.2177     
                4.84672E-03       29.1835     
                4.86866E-03       29.148      
                4.87689E-03       29.1806     
                4.87998E-03       29.1834     
                4.88461E-03       29.1029     
                4.89155E-03       28.992      
                4.90197E-03       29.0361     
                4.90587E-03       29.0487     
                4.91173E-03       29.0145     
                4.91228E-03       28.9932     
                4.91311E-03       28.9293     
                4.91434E-03       28.8429     
                4.91619E-03       28.8356     
                4.91898E-03       28.8484     
                4.92315E-03       28.8722     
                4.9294E-03        28.9069     
                4.93879E-03       28.9474     
                4.94231E-03       28.9456     
                4.94363E-03       28.9328     
                4.94561E-03       28.8607     
                4.94857E-03       28.7447     
                4.95303E-03       28.7551     
                4.95971E-03       28.7919     
                4.96973E-03       28.8409     
                4.97349E-03       28.8513     
                4.97913E-03       28.7965     
                4.98124E-03       28.656      
                4.98441E-03       28.6475     
                4.98917E-03       28.6712     
                4.9963E-03        28.7099     
                5.007E-03         28.753      
                5.01101E-03       28.7373     
                5.01252E-03       28.6949     
                5.01478E-03       28.5561     
                5.01816E-03       28.5509     
                5.02324E-03       28.5766     
                5.03086E-03       28.6172     
                5.04229E-03       28.657      
                5.04657E-03       28.5995     
                5.04698E-03       28.5764     
                5.04758E-03       28.5149     
                5.04848E-03       28.4524     
                5.04984E-03       28.4441     
                5.05187E-03       28.4519     
                5.05492E-03       28.4683     
                5.0595E-03        28.4937     
                5.06636E-03       28.5294     
                5.07666E-03       28.5635     
                5.08052E-03       28.5225     
                5.08197E-03       28.4172     
                5.08414E-03       28.3577     
                5.0874E-03        28.3661     
                5.09229E-03       28.392      
                5.09962E-03       28.43       
                5.11061E-03       28.4663     
                5.11474E-03       28.4116     
                5.11512E-03       28.3907     
                5.1157E-03        28.3368     
                5.11657E-03       28.2665     
                5.11788E-03       28.2558     
                5.11983E-03       28.2623     
                5.12277E-03       28.2776     
                5.12717E-03       28.3015     
                5.13378E-03       28.3356     
                5.14368E-03       28.3722     
                5.1474E-03        28.3571     
                5.14879E-03       28.322      
                5.14931E-03       28.2938     
                5.1501E-03        28.2073     
                5.15127E-03       28.1654     
                5.15304E-03       28.1645     
                5.15568E-03       28.177      
                5.15965E-03       28.1981     
                5.1656E-03        28.2295     
                5.17453E-03       28.2691     
                5.17787E-03       28.2766     
                5.1829E-03        28.2331     
                5.18337E-03       28.2123     
                5.18407E-03       28.1543     
                5.18513E-03       28.0787     
                5.18672E-03       28.07       
                5.1891E-03        28.0793     
                5.19268E-03       28.0979     
                5.19804E-03       28.1266     
                5.20608E-03       28.1651     
                5.21815E-03       28.1681     
                5.21928E-03       28.1305     
                5.22097E-03       28.003      
                5.22352E-03       27.9906     
                5.22734E-03       28.007      
                5.23306E-03       28.0368     
                5.24165E-03       28.0767     
                5.25453E-03       28.0311     
                5.27386E-03       27.9834     
                5.28111E-03       28.0105     
                5.29198E-03       27.9895     
                5.293E-03         27.9344     
                5.29452E-03       27.8353     
                5.29682E-03       27.8282     
                5.30026E-03       27.8431     
                5.30542E-03       27.8686     
                5.31315E-03       27.9014     
                5.32476E-03       27.7878     
                5.34217E-03       27.7924     
                5.36829E-03       27.7031     
                5.37809E-03       27.7073     
                5.39278E-03       27.7521     
                5.39829E-03       27.5817     
                5.4038E-03        27.5711     
                5.40931E-03       27.5952     
                5.41757E-03       27.6303     
                5.42997E-03       27.5639     
                5.44856E-03       27.5313     
                5.45553E-03       27.5568     
                5.46599E-03       27.5508     
                5.46697E-03       27.5201     
                5.46734E-03       27.4993     
                5.46789E-03       27.4477     
                5.46872E-03       27.3843     
                5.46996E-03       27.3738     
                5.47182E-03       27.3789     
                5.47461E-03       27.392      
                5.4788E-03        27.4123     
                5.48508E-03       27.4402     
                5.49451E-03       27.462      
                5.49804E-03       27.4106     
                5.49937E-03       27.2885     
                5.50135E-03       27.2683     
                5.50433E-03       27.2772     
                5.50881E-03       27.2985     
                5.51552E-03       27.3302     
                5.52558E-03       27.3675     
                5.52935E-03       27.366      
                5.53077E-03       27.3537     
                5.53289E-03       27.2768     
                5.53608E-03       27.1838     
                5.54085E-03       27.1956     
                5.54802E-03       27.2294     
                5.55876E-03       27.2737     
                5.56279E-03       27.282      
                5.56884E-03       27.1935     
                5.5779E-03        27.1216     
                5.5915E-03        27.1739     
                5.5966E-03        27.1852     
                5.59852E-03       27.1819     
                5.60139E-03       27.1391     
                5.60246E-03       27.0696     
                5.60408E-03       26.9984     
                5.6065E-03        26.9973     
                5.61013E-03       27.0127     
                5.61557E-03       27.0385     
                5.62374E-03       27.0753     
                5.636E-03         27.1068     
                5.64059E-03       26.9782     
                5.64749E-03       26.9395     
                5.65783E-03       26.9828     
                5.67334E-03       27.0218     
                5.67479E-03       27.0068     
                5.67697E-03       26.9016     
                5.68024E-03       26.8431     
                5.68515E-03       26.8586     
                5.69251E-03       26.8921     
                5.70355E-03       26.9335     
                5.70769E-03       26.9357     
                5.70925E-03       26.9264     
                5.71158E-03       26.8616     
                5.71507E-03       26.7586     
                5.72031E-03       26.7706     
                5.72817E-03       26.8059     
                5.73996E-03       26.8496     
                5.74438E-03       26.8499     
                5.74604E-03       26.8354     
                5.74853E-03       26.7091     
                5.75226E-03       26.6722     
                5.75785E-03       26.6926     
                5.76625E-03       26.7295     
                5.77884E-03       26.7676     
                5.78356E-03       26.7174     
                5.784E-03         26.6953     
                5.78467E-03       26.6329     
                5.78566E-03       26.585      
                5.78716E-03       26.5799     
                5.7894E-03        26.5876     
                5.79276E-03       26.6025     
                5.7978E-03        26.6254     
                5.80537E-03       26.6576     
                5.81671E-03       26.6856     
                5.82096E-03       26.6134     
                5.82735E-03       26.5206     
                5.83692E-03       26.5555     
                5.85128E-03       26.6034     
                5.85666E-03       26.5673     
                5.85717E-03       26.5489     
                5.85792E-03       26.4956     
                5.85906E-03       26.4265     
                5.86076E-03       26.4191     
                5.86332E-03       26.4276     
                5.86715E-03       26.4443     
                5.8729E-03        26.47       
                5.88153E-03       26.5043     
                5.89446E-03       26.4922     
                5.89568E-03       26.4309     
                5.89749E-03       26.3503     
                5.90022E-03       26.3488     
                5.90432E-03       26.3652     
                5.91046E-03       26.3919     
                5.91967E-03       26.427      
                5.93348E-03       26.2924     
                5.95421E-03       26.3439     
                5.96198E-03       26.3701     
                5.97363E-03       26.3144     
                5.99112E-03       26.2659     
                6.E-03            26.293      




