                0.                -0.         
               60.E-06             3.93791    
              120.E-06             7.8743     
              210.E-06            13.7826     
              345.E-06            22.6534     
              547.5E-06           35.9801     
              851.25E-06          56.0199     
              987.46E-06          65.0377     
                1.00959E-03       65.0297     
                1.04123E-03       65.5867     
                1.04778E-03       64.5442     
                1.05761E-03       63.7242     
                1.07235E-03       63.2104     
                1.09447E-03       63.1258     
                1.10947E-03       62.6223     
                1.13198E-03       62.5374     
                1.14719E-03       62.0406     
                1.16893E-03       61.8938     
                1.18356E-03       61.3644     
                1.19349E-03       60.6003     
                1.2084E-03        60.098      
                1.23075E-03       59.9634     
                1.24591E-03       59.4727     
                1.26863E-03       59.3409     
                1.28395E-03       58.8573     
                1.29436E-03       58.1566     
                1.30997E-03       57.6979     
                1.3334E-03        57.58       
                1.34929E-03       57.1321     
                1.37312E-03       57.0176     
                1.38918E-03       56.5762     
                1.40009E-03       55.9319     
                1.41647E-03       55.5126     
                1.44103E-03       55.4109     
                1.45767E-03       55.0009     
                1.48264E-03       54.9018     
                1.49945E-03       54.4969     
                1.51086E-03       53.9016     
                1.52798E-03       53.5159     
                1.55365E-03       53.4266     
                1.57103E-03       53.0484     
                1.59586E-03       52.9198     
                1.61262E-03       52.5213     
                1.62402E-03       51.9541     
                1.64111E-03       51.575      
                1.66675E-03       51.4623     
                1.68419E-03       51.0941     
                1.71034E-03       50.9883     
                1.72804E-03       50.6282     
                1.7401E-03        50.108      
                1.75819E-03       49.7663     
                1.78532E-03       49.678      
                1.80378E-03       49.346      
                1.83147E-03       49.2641     
                1.8502E-03        48.9388     
                1.86294E-03       48.4597     
                1.88206E-03       48.1504     
                1.91074E-03       48.0828     
                1.93021E-03       47.7811     
                1.95941E-03       47.7175     
                1.9791E-03        47.42       
                1.99246E-03       46.9747     
                2.0125E-03        46.6902     
                2.04255E-03       46.6353     
                2.06288E-03       46.3559     
                2.07669E-03       45.9338     
                2.09742E-03       45.6675     
                2.1285E-03        45.6239     
                2.14955E-03       45.3627     
                2.16387E-03       44.9629     
                2.18536E-03       44.7144     
                2.21758E-03       44.6827     
                2.2394E-03        44.4388     
                2.25425E-03       44.0595     
                2.27652E-03       43.8274     
                2.30991E-03       43.8064     
                2.33251E-03       43.578      
                2.34785E-03       43.2169     
                2.37087E-03       42.999      
                2.40539E-03       42.9865     
                2.4287E-03        42.771      
                2.44449E-03       42.4257     
                2.46819E-03       42.2192     
                2.50206E-03       42.1841     
                2.52494E-03       41.9619     
                2.54046E-03       41.62       
                2.56374E-03       41.4071     
                2.59865E-03       41.3796     
                2.62223E-03       41.17       
                2.63823E-03       40.8435     
                2.66222E-03       40.6427     
                2.6982E-03        40.6223     
                2.7225E-03        40.4242     
                2.73896E-03       40.1119     
                2.76365E-03       39.9218     
                2.79895E-03       39.8826     
                2.82282E-03       39.6794     
                2.83902E-03       39.3707     
                2.86331E-03       39.1761     
                2.89976E-03       39.1455     
                2.92443E-03       38.9547     
                2.94118E-03       38.6605     
                2.96631E-03       38.4779     
                3.004E-03         38.4561     
                3.0295E-03        38.277      
                3.04681E-03       37.9962     
                3.07278E-03       37.8246     
                3.11173E-03       37.8107     
                3.13805E-03       37.6419     
                3.15589E-03       37.3731     
                3.18266E-03       37.2111     
                3.22091E-03       37.1815     
                3.24679E-03       37.0081     
                3.26434E-03       36.7415     
                3.29067E-03       36.5751     
                3.33016E-03       36.5532     
                3.35688E-03       36.3899     
                3.375E-03         36.1351     
                3.40218E-03       35.9785     
                3.44105E-03       35.9439     
                3.4674E-03        35.7777     
                3.4853E-03        35.5261     
                3.51215E-03       35.3669     
                3.55242E-03       35.3414     
                3.57974E-03       35.1861     
                3.59831E-03       34.9464     
                3.62617E-03       34.7979     
                3.66795E-03       34.7815     
                3.69629E-03       34.6364     
                3.71553E-03       34.4076     
                3.74439E-03       34.2688     
                3.78769E-03       34.2604     
                3.817E-03         34.1242     
                3.83687E-03       33.905      
                3.86667E-03       33.7744     
                3.88697E-03       33.5619     
                3.91742E-03       33.4378     
                3.9631E-03        33.4418     
                3.99406E-03       33.3203     
                4.01507E-03       33.1168     
                4.04658E-03       33.0006     
                4.06805E-03       32.8032     
                4.10024E-03       32.693      
                4.14854E-03       32.7092     
                4.18122E-03       32.6009     
                4.20335E-03       32.4111     
                4.23655E-03       32.307      
                4.2591E-03        32.1225     
                4.29293E-03       32.0234     
                4.31597E-03       31.8444     
                4.35052E-03       31.7508     
                4.40236E-03       31.7812     
                4.41348E-03       31.5182     
                4.43016E-03       31.2977     
                4.45518E-03       31.1376     
                4.49272E-03       31.0649     
                4.54901E-03       31.1196     
                4.58718E-03       31.0483     
                4.61306E-03       30.894      
                4.65187E-03       30.8264     
                4.67819E-03       30.6759     
                4.71766E-03       30.6118     
                4.74442E-03       30.4651     
                4.78455E-03       30.4042     
                4.81174E-03       30.2611     
                4.85253E-03       30.2033     
                4.88015E-03       30.0635     
                4.92157E-03       30.0087     
                4.94959E-03       29.872      
                4.99162E-03       29.8196     
                5.02015E-03       29.6865     
                5.06295E-03       29.6376     
                5.0921E-03        29.5085     
                5.11195E-03       29.3269     
                5.14174E-03       29.2032     
                5.18642E-03       29.1637     
                5.2167E-03        29.043      
                5.26213E-03       29.0063     
                5.29285E-03       28.8881     
                5.33893E-03       28.8534     
                5.37029E-03       28.7388     
                5.39163E-03       28.5716     
                5.42366E-03       28.4618     
                5.47169E-03       28.4354     
                5.50416E-03       28.3278     
                5.55286E-03       28.3032     
                5.58597E-03       28.1987     
                5.60848E-03       28.0414     
                5.64223E-03       27.9411     
                5.69287E-03       27.9239     
                5.72732E-03       27.8266     
                5.75075E-03       27.6765     
                5.7859E-03        27.5834     
                5.83862E-03       27.5735     
                5.87447E-03       27.4831     
                5.89884E-03       27.3397     
                5.93538E-03       27.2533     
                5.99021E-03       27.2501     
                6.E-03            27.0423     




